ago. 29, 2024 10:37:26 AM liquibase.changelog
INFORMAÇÕES: Reading resource: db/changelog/migrations/db.changelog-202408191938.sql
ago. 29, 2024 10:37:26 AM liquibase.changelog
INFORMAÇÕES: Reading resource: db/changelog/migrations/db.changelog-202408210954.sql
ago. 29, 2024 10:37:26 AM liquibase.changelog
INFORMAÇÕES: Reading resource: db/changelog/migrations/db.changelog-202408211004.sql
ago. 29, 2024 10:37:26 AM liquibase.changelog
INFORMAÇÕES: Reading resource: db/changelog/migrations/db.changelog-202408211005.sql
ago. 29, 2024 10:37:26 AM liquibase.changelog
INFORMAÇÕES: Reading resource: db/changelog/migrations/db.changelog-202408281807.sql
ago. 29, 2024 10:37:26 AM liquibase.changelog
INFORMAÇÕES: Reading from board.DATABASECHANGELOG
Database is up to date, no changesets to execute
ago. 29, 2024 10:37:26 AM liquibase.changelog
INFORMAÇÕES: Reading from board.DATABASECHANGELOG

UPDATE SUMMARY
Run:                          0
Previously run:               5
Filtered out:                 0
-------------------------------
Total change sets:            5

ago. 29, 2024 10:37:26 AM liquibase.util
INFORMAÇÕES: UPDATE SUMMARY
ago. 29, 2024 10:37:26 AM liquibase.util
INFORMAÇÕES: Run:                          0
ago. 29, 2024 10:37:26 AM liquibase.util
INFORMAÇÕES: Previously run:               5
ago. 29, 2024 10:37:26 AM liquibase.util
INFORMAÇÕES: Filtered out:                 0
ago. 29, 2024 10:37:26 AM liquibase.util
INFORMAÇÕES: -------------------------------
ago. 29, 2024 10:37:26 AM liquibase.util
INFORMAÇÕES: Total change sets:            5
ago. 29, 2024 10:37:26 AM liquibase.util
INFORMAÇÕES: Update summary generated
ago. 29, 2024 10:37:26 AM liquibase.lockservice
INFORMAÇÕES: Successfully released change log lock
ago. 29, 2024 10:37:26 AM liquibase.command
INFORMAÇÕES: Command execution complete
